<?xml version="1.0" encoding="UTF-8"?>
<!-- Generated by org.testng.reporters.JUnitXMLReporter -->
<testsuite ignored="2" hostname="USMUMPRIDIGHE01" failures="0" tests="1" name="Parameter Test four" time="0.746" errors="0" timestamp="2023-01-24T11:47:22 IST">
  <testcase classname="KeywordDriverUtil.KeywordTestNG" name="ExecuteTest1" time="0.691"/>
  <testcase classname="KeywordDriverUtil.KeywordTestNG" name="ExecuteTest2" time="0.0">
    <ignored/>
  </testcase> <!-- ExecuteTest2 -->
  <testcase classname="KeywordDriverUtil.KeywordTestNG" name="ExecuteTest3" time="0.0">
    <ignored/>
  </testcase> <!-- ExecuteTest3 -->
</testsuite> <!-- Parameter Test four -->
