<?xml version="1.0" encoding="UTF-8"?>
<!-- Generated by org.testng.reporters.JUnitXMLReporter -->
<testsuite ignored="2" hostname="USMUMAADTHA4" failures="0" tests="1" name="Parameter Test hundred and seven " time="0.043" errors="0" timestamp="2023-01-02T15:07:46 IST">
  <testcase classname="KeywordDriverUtil.KeywordTestNG" name="ExecuteTest2" time="0.04"/>
  <testcase classname="KeywordDriverUtil.KeywordTestNG" name="ExecuteTest1" time="0.0">
    <ignored/>
  </testcase> <!-- ExecuteTest1 -->
  <testcase classname="KeywordDriverUtil.KeywordTestNG" name="ExecuteTest3" time="0.0">
    <ignored/>
  </testcase> <!-- ExecuteTest3 -->
</testsuite> <!-- Parameter Test hundred and seven  -->
